This file contains any messages produced by compilers while
running configure, to aid debugging if configure makes a mistake.

It was created by configure, which was
generated by GNU Autoconf 2.69.  Invocation command line was

  $ ./configure 

## --------- ##
## Platform. ##
## --------- ##

hostname = archbook
uname -m = x86_64
uname -r = 5.0.7-arch1-1-ARCH
uname -s = Linux
uname -v = #1 SMP PREEMPT Mon Apr 8 10:37:08 UTC 2019

/usr/bin/uname -p = unknown
/bin/uname -X     = unknown

/bin/arch              = unknown
/usr/bin/arch -k       = unknown
/usr/convex/getsysinfo = unknown
/usr/bin/hostinfo      = unknown
/bin/machine           = unknown
/usr/bin/oslevel       = unknown
/bin/universe          = unknown

PATH: /usr/local/sbin
PATH: /usr/local/bin
PATH: /usr/bin
PATH: /usr/bin/site_perl
PATH: /usr/bin/vendor_perl
PATH: /usr/bin/core_perl


## ----------- ##
## Core tests. ##
## ----------- ##

configure:2244: checking for g++
configure:2260: found /usr/bin/g++
configure:2271: result: g++
configure:2298: checking for C++ compiler version
configure:2307: g++ --version >&5
g++ (GCC) 8.2.1 20181127
Copyright (C) 2018 Free Software Foundation, Inc.
This is free software; see the source for copying conditions.  There is NO
warranty; not even for MERCHANTABILITY or FITNESS FOR A PARTICULAR PURPOSE.

configure:2318: $? = 0
configure:2307: g++ -v >&5
Using built-in specs.
COLLECT_GCC=g++
COLLECT_LTO_WRAPPER=/usr/lib/gcc/x86_64-pc-linux-gnu/8.2.1/lto-wrapper
Target: x86_64-pc-linux-gnu
Configured with: /build/gcc/src/gcc/configure --prefix=/usr --libdir=/usr/lib --libexecdir=/usr/lib --mandir=/usr/share/man --infodir=/usr/share/info --with-bugurl=https://bugs.archlinux.org/ --enable-languages=c,c++,ada,fortran,go,lto,objc,obj-c++ --enable-shared --enable-threads=posix --enable-libmpx --with-system-zlib --with-isl --enable-__cxa_atexit --disable-libunwind-exceptions --enable-clocale=gnu --disable-libstdcxx-pch --disable-libssp --enable-gnu-unique-object --enable-linker-build-id --enable-lto --enable-plugin --enable-install-libiberty --with-linker-hash-style=gnu --enable-gnu-indirect-function --enable-multilib --disable-werror --enable-checking=release --enable-default-pie --enable-default-ssp --enable-cet=auto
Thread model: posix
gcc version 8.2.1 20181127 (GCC) 
configure:2318: $? = 0
configure:2307: g++ -V >&5
g++: error: unrecognized command line option '-V'
g++: fatal error: no input files
compilation terminated.
configure:2318: $? = 1
configure:2307: g++ -qversion >&5
g++: error: unrecognized command line option '-qversion'; did you mean '--version'?
g++: fatal error: no input files
compilation terminated.
configure:2318: $? = 1
configure:2338: checking whether the C++ compiler works
configure:2360: g++    conftest.cpp  >&5
configure:2364: $? = 0
configure:2412: result: yes
configure:2415: checking for C++ compiler default output file name
configure:2417: result: a.out
configure:2423: checking for suffix of executables
configure:2430: g++ -o conftest    conftest.cpp  >&5
configure:2434: $? = 0
configure:2456: result: 
configure:2478: checking whether we are cross compiling
configure:2486: g++ -o conftest    conftest.cpp  >&5
configure:2490: $? = 0
configure:2497: ./conftest
configure:2501: $? = 0
configure:2489: result: no
configure:2494: checking for suffix of object files
configure:2516: g++ -c   conftest.cpp >&5
configure:2520: $? = 0
configure:2541: result: o
configure:2545: checking whether we are using the GNU C++ compiler
configure:2564: g++ -c   conftest.cpp >&5
configure:2564: $? = 0
configure:2573: result: yes
configure:2582: checking whether g++ accepts -g
configure:2602: g++ -c -g  conftest.cpp >&5
configure:2602: $? = 0
configure:2643: result: yes
configure:2714: checking for gcc
configure:2730: found /usr/bin/gcc
configure:2741: result: gcc
configure:2970: checking for C compiler version
configure:2979: gcc --version >&5
gcc (GCC) 8.2.1 20181127
Copyright (C) 2018 Free Software Foundation, Inc.
This is free software; see the source for copying conditions.  There is NO
warranty; not even for MERCHANTABILITY or FITNESS FOR A PARTICULAR PURPOSE.

configure:2990: $? = 0
configure:2979: gcc -v >&5
Using built-in specs.
COLLECT_GCC=gcc
COLLECT_LTO_WRAPPER=/usr/lib/gcc/x86_64-pc-linux-gnu/8.2.1/lto-wrapper
Target: x86_64-pc-linux-gnu
Configured with: /build/gcc/src/gcc/configure --prefix=/usr --libdir=/usr/lib --libexecdir=/usr/lib --mandir=/usr/share/man --infodir=/usr/share/info --with-bugurl=https://bugs.archlinux.org/ --enable-languages=c,c++,ada,fortran,go,lto,objc,obj-c++ --enable-shared --enable-threads=posix --enable-libmpx --with-system-zlib --with-isl --enable-__cxa_atexit --disable-libunwind-exceptions --enable-clocale=gnu --disable-libstdcxx-pch --disable-libssp --enable-gnu-unique-object --enable-linker-build-id --enable-lto --enable-plugin --enable-install-libiberty --with-linker-hash-style=gnu --enable-gnu-indirect-function --enable-multilib --disable-werror --enable-checking=release --enable-default-pie --enable-default-ssp --enable-cet=auto
Thread model: posix
gcc version 8.2.1 20181127 (GCC) 
configure:2990: $? = 0
configure:2979: gcc -V >&5
gcc: error: unrecognized command line option '-V'
gcc: fatal error: no input files
compilation terminated.
configure:2990: $? = 1
configure:2979: gcc -qversion >&5
gcc: error: unrecognized command line option '-qversion'; did you mean '--version'?
gcc: fatal error: no input files
compilation terminated.
configure:2990: $? = 1
configure:2994: checking whether we are using the GNU C compiler
configure:3013: gcc -c   conftest.c >&5
configure:3013: $? = 0
configure:3022: result: yes
configure:3031: checking whether gcc accepts -g
configure:3051: gcc -c -g  conftest.c >&5
configure:3051: $? = 0
configure:3092: result: yes
configure:3109: checking for gcc option to accept ISO C89
configure:3172: gcc  -c -g -O2  conftest.c >&5
configure:3172: $? = 0
configure:3185: result: none needed
configure:3210: checking how to run the C preprocessor
configure:3241: gcc -E  conftest.c
configure:3241: $? = 0
configure:3255: gcc -E  conftest.c
conftest.c:9:10: fatal error: ac_nonexistent.h: No such file or directory
 #include <ac_nonexistent.h>
          ^~~~~~~~~~~~~~~~~~
compilation terminated.
configure:3255: $? = 1
configure: failed program was:
| /* confdefs.h */
| #define PACKAGE_NAME ""
| #define PACKAGE_TARNAME ""
| #define PACKAGE_VERSION ""
| #define PACKAGE_STRING ""
| #define PACKAGE_BUGREPORT ""
| #define PACKAGE_URL ""
| /* end confdefs.h.  */
| #include <ac_nonexistent.h>
configure:3280: result: gcc -E
configure:3300: gcc -E  conftest.c
configure:3300: $? = 0
configure:3314: gcc -E  conftest.c
conftest.c:9:10: fatal error: ac_nonexistent.h: No such file or directory
 #include <ac_nonexistent.h>
          ^~~~~~~~~~~~~~~~~~
compilation terminated.
configure:3314: $? = 1
configure: failed program was:
| /* confdefs.h */
| #define PACKAGE_NAME ""
| #define PACKAGE_TARNAME ""
| #define PACKAGE_VERSION ""
| #define PACKAGE_STRING ""
| #define PACKAGE_BUGREPORT ""
| #define PACKAGE_URL ""
| /* end confdefs.h.  */
| #include <ac_nonexistent.h>
configure:3354: checking how to run the C++ preprocessor
configure:3381: g++ -E  conftest.cpp
configure:3381: $? = 0
configure:3395: g++ -E  conftest.cpp
conftest.cpp:9:10: fatal error: ac_nonexistent.h: No such file or directory
 #include <ac_nonexistent.h>
          ^~~~~~~~~~~~~~~~~~
compilation terminated.
configure:3395: $? = 1
configure: failed program was:
| /* confdefs.h */
| #define PACKAGE_NAME ""
| #define PACKAGE_TARNAME ""
| #define PACKAGE_VERSION ""
| #define PACKAGE_STRING ""
| #define PACKAGE_BUGREPORT ""
| #define PACKAGE_URL ""
| /* end confdefs.h.  */
| #include <ac_nonexistent.h>
configure:3420: result: g++ -E
configure:3440: g++ -E  conftest.cpp
configure:3440: $? = 0
configure:3454: g++ -E  conftest.cpp
conftest.cpp:9:10: fatal error: ac_nonexistent.h: No such file or directory
 #include <ac_nonexistent.h>
          ^~~~~~~~~~~~~~~~~~
compilation terminated.
configure:3454: $? = 1
configure: failed program was:
| /* confdefs.h */
| #define PACKAGE_NAME ""
| #define PACKAGE_TARNAME ""
| #define PACKAGE_VERSION ""
| #define PACKAGE_STRING ""
| #define PACKAGE_BUGREPORT ""
| #define PACKAGE_URL ""
| /* end confdefs.h.  */
| #include <ac_nonexistent.h>
configure:3483: checking for grep that handles long lines and -e
configure:3541: result: /usr/bin/grep
configure:3546: checking for egrep
configure:3608: result: /usr/bin/grep -E
configure:3613: checking for ANSI C header files
configure:3633: g++ -c -g -O2  conftest.cpp >&5
configure:3633: $? = 0
configure:3706: g++ -o conftest -g -O2   conftest.cpp  >&5
configure:3706: $? = 0
configure:3706: ./conftest
configure:3706: $? = 0
configure:3717: result: yes
configure:3730: checking for sys/types.h
configure:3730: g++ -c -g -O2  conftest.cpp >&5
configure:3730: $? = 0
configure:3730: result: yes
configure:3730: checking for sys/stat.h
configure:3730: g++ -c -g -O2  conftest.cpp >&5
configure:3730: $? = 0
configure:3730: result: yes
configure:3730: checking for stdlib.h
configure:3730: g++ -c -g -O2  conftest.cpp >&5
configure:3730: $? = 0
configure:3730: result: yes
configure:3730: checking for string.h
configure:3730: g++ -c -g -O2  conftest.cpp >&5
configure:3730: $? = 0
configure:3730: result: yes
configure:3730: checking for memory.h
configure:3730: g++ -c -g -O2  conftest.cpp >&5
configure:3730: $? = 0
configure:3730: result: yes
configure:3730: checking for strings.h
configure:3730: g++ -c -g -O2  conftest.cpp >&5
configure:3730: $? = 0
configure:3730: result: yes
configure:3730: checking for inttypes.h
configure:3730: g++ -c -g -O2  conftest.cpp >&5
configure:3730: $? = 0
configure:3730: result: yes
configure:3730: checking for stdint.h
configure:3730: g++ -c -g -O2  conftest.cpp >&5
configure:3730: $? = 0
configure:3730: result: yes
configure:3730: checking for unistd.h
configure:3730: g++ -c -g -O2  conftest.cpp >&5
configure:3730: $? = 0
configure:3730: result: yes
configure:3743: checking minix/config.h usability
configure:3743: g++ -c -g -O2  conftest.cpp >&5
conftest.cpp:52:10: fatal error: minix/config.h: No such file or directory
 #include <minix/config.h>
          ^~~~~~~~~~~~~~~~
compilation terminated.
configure:3743: $? = 1
configure: failed program was:
| /* confdefs.h */
| #define PACKAGE_NAME ""
| #define PACKAGE_TARNAME ""
| #define PACKAGE_VERSION ""
| #define PACKAGE_STRING ""
| #define PACKAGE_BUGREPORT ""
| #define PACKAGE_URL ""
| #define STDC_HEADERS 1
| #define HAVE_SYS_TYPES_H 1
| #define HAVE_SYS_STAT_H 1
| #define HAVE_STDLIB_H 1
| #define HAVE_STRING_H 1
| #define HAVE_MEMORY_H 1
| #define HAVE_STRINGS_H 1
| #define HAVE_INTTYPES_H 1
| #define HAVE_STDINT_H 1
| #define HAVE_UNISTD_H 1
| /* end confdefs.h.  */
| #include <stdio.h>
| #ifdef HAVE_SYS_TYPES_H
| # include <sys/types.h>
| #endif
| #ifdef HAVE_SYS_STAT_H
| # include <sys/stat.h>
| #endif
| #ifdef STDC_HEADERS
| # include <stdlib.h>
| # include <stddef.h>
| #else
| # ifdef HAVE_STDLIB_H
| #  include <stdlib.h>
| # endif
| #endif
| #ifdef HAVE_STRING_H
| # if !defined STDC_HEADERS && defined HAVE_MEMORY_H
| #  include <memory.h>
| # endif
| # include <string.h>
| #endif
| #ifdef HAVE_STRINGS_H
| # include <strings.h>
| #endif
| #ifdef HAVE_INTTYPES_H
| # include <inttypes.h>
| #endif
| #ifdef HAVE_STDINT_H
| # include <stdint.h>
| #endif
| #ifdef HAVE_UNISTD_H
| # include <unistd.h>
| #endif
| #include <minix/config.h>
configure:3743: result: no
configure:3743: checking minix/config.h presence
configure:3743: g++ -E  conftest.cpp
conftest.cpp:19:10: fatal error: minix/config.h: No such file or directory
 #include <minix/config.h>
          ^~~~~~~~~~~~~~~~
compilation terminated.
configure:3743: $? = 1
configure: failed program was:
| /* confdefs.h */
| #define PACKAGE_NAME ""
| #define PACKAGE_TARNAME ""
| #define PACKAGE_VERSION ""
| #define PACKAGE_STRING ""
| #define PACKAGE_BUGREPORT ""
| #define PACKAGE_URL ""
| #define STDC_HEADERS 1
| #define HAVE_SYS_TYPES_H 1
| #define HAVE_SYS_STAT_H 1
| #define HAVE_STDLIB_H 1
| #define HAVE_STRING_H 1
| #define HAVE_MEMORY_H 1
| #define HAVE_STRINGS_H 1
| #define HAVE_INTTYPES_H 1
| #define HAVE_STDINT_H 1
| #define HAVE_UNISTD_H 1
| /* end confdefs.h.  */
| #include <minix/config.h>
configure:3743: result: no
configure:3743: checking for minix/config.h
configure:3743: result: no
configure:3764: checking whether it is safe to define __EXTENSIONS__
configure:3782: g++ -c -g -O2  conftest.cpp >&5
configure:3782: $? = 0
configure:3789: result: yes
configure:3847: checking for a BSD-compatible install
configure:3915: result: /usr/bin/install -c
configure:3930: checking for bison
configure:3946: found /usr/bin/bison
configure:3957: result: bison -y
configure:4012: checking for ranlib
configure:4028: found /usr/bin/ranlib
configure:4039: result: ranlib
configure:4065: checking for groff
configure:4081: found /usr/bin/groff
configure:4092: result: groff
configure:4107: checking for gsoelim
configure:4137: result: no
configure:4107: checking for soelim
configure:4123: found /usr/bin/soelim
configure:4134: result: soelim
configure:4148: checking for snprintf
configure:4148: g++ -o conftest -g -O2   conftest.cpp  >&5
conftest.cpp:47:6: warning: declaration of 'char snprintf()' conflicts with built-in declaration 'int snprintf(char*, long unsigned int, const char*, ...)' [-Wbuiltin-declaration-mismatch]
 char snprintf ();
      ^~~~~~~~
configure:4148: $? = 0
configure:4148: result: yes
configure:4148: checking for vsnprintf
configure:4148: g++ -o conftest -g -O2   conftest.cpp  >&5
conftest.cpp:48:6: warning: declaration of 'char vsnprintf()' conflicts with built-in declaration 'int vsnprintf(char*, long unsigned int, const char*, __va_list_tag*)' [-Wbuiltin-declaration-mismatch]
 char vsnprintf ();
      ^~~~~~~~~
configure:4148: $? = 0
configure:4148: result: yes
configure:4158: checking for main in -lgpg-error
configure:4177: g++ -o conftest -g -O2   conftest.cpp -lgpg-error   >&5
configure:4177: $? = 0
configure:4186: result: yes
configure:4200: checking if gcc accepts -Wall
configure:4215: g++ -o conftest -g -O2   conftest.cpp -lgpg-error  >&5
configure:4215: $? = 0
configure:4216: result: yes
configure:4226: checking if gcc accepts -Wextra
configure:4241: g++ -o conftest -g -O2   conftest.cpp -lgpg-error  >&5
configure:4241: $? = 0
configure:4242: result: yes
configure:4252: checking if gcc accepts -Wl,--as-needed
configure:4267: g++ -o conftest -g -O2   conftest.cpp -lgpg-error  >&5
configure:4267: $? = 0
configure:4268: result: yes
configure:4281: checking boost/shared_ptr.hpp usability
configure:4281: g++ -c -g -O2  conftest.cpp >&5
configure:4281: $? = 0
configure:4281: result: yes
configure:4281: checking boost/shared_ptr.hpp presence
configure:4281: g++ -E  conftest.cpp
configure:4281: $? = 0
configure:4281: result: yes
configure:4281: checking for boost/shared_ptr.hpp
configure:4281: result: yes
configure:4335: checking for a Bourne shell which understands functions
configure:4350: result: /bin/sh
configure:4353: checking for sparse file lseek support
configure:4367: g++ -c -g -O2  conftest.cpp >&5
conftest.cpp: In function 'int main()':
conftest.cpp:33:14: error: '_PC_MIN_HOLE_SIZE' was not declared in this scope
 fpathconf(0, _PC_MIN_HOLE_SIZE);
              ^~~~~~~~~~~~~~~~~
conftest.cpp:33:14: note: suggested alternative: '_PC_REC_MIN_XFER_SIZE'
 fpathconf(0, _PC_MIN_HOLE_SIZE);
              ^~~~~~~~~~~~~~~~~
              _PC_REC_MIN_XFER_SIZE
configure:4367: $? = 1
configure: failed program was:
| /* confdefs.h */
| #define PACKAGE_NAME ""
| #define PACKAGE_TARNAME ""
| #define PACKAGE_VERSION ""
| #define PACKAGE_STRING ""
| #define PACKAGE_BUGREPORT ""
| #define PACKAGE_URL ""
| #define STDC_HEADERS 1
| #define HAVE_SYS_TYPES_H 1
| #define HAVE_SYS_STAT_H 1
| #define HAVE_STDLIB_H 1
| #define HAVE_STRING_H 1
| #define HAVE_MEMORY_H 1
| #define HAVE_STRINGS_H 1
| #define HAVE_INTTYPES_H 1
| #define HAVE_STDINT_H 1
| #define HAVE_UNISTD_H 1
| #define __EXTENSIONS__ 1
| #define _ALL_SOURCE 1
| #define _GNU_SOURCE 1
| #define _POSIX_PTHREAD_SEMANTICS 1
| #define _TANDEM_SOURCE 1
| #define HAVE_SNPRINTF 1
| #define HAVE_VSNPRINTF 1
| #define HAVE_LIBGPG_ERROR 1
| #define HAVE_BOOST_SHARED_PTR_HPP 1
| #define CONF_SHELL "/bin/sh"
| /* end confdefs.h.  */
| #include <unistd.h>
| int
| main ()
| {
| fpathconf(0, _PC_MIN_HOLE_SIZE);
| lseek(0, 0L, SEEK_DATA); lseek(0, 0L, SEEK_HOLE);
|   ;
|   return 0;
| }
configure:4374: result: no
configure:4378: checking for gcrypt SHA224 support
configure:4391: g++ -c -g -O2  conftest.cpp >&5
configure:4391: $? = 0
configure:4395: result: yes
configure:4416: checking for gcrypt SHA224 support
configure:4429: g++ -c -g -O2  conftest.cpp >&5
configure:4429: $? = 0
configure:4433: result: yes
configure:4440: checking for gcrypt WHIRLPOOL support
configure:4453: g++ -c -g -O2  conftest.cpp >&5
configure:4453: $? = 0
configure:4457: result: yes
configure:4464: checking for gcry_md_open in -lgcrypt
configure:4489: g++ -o conftest -g -O2   conftest.cpp -lgcrypt  -lgpg-error  >&5
configure:4489: $? = 0
configure:4498: result: yes
configure:4521: checking for libtool
configure:4537: found /usr/bin/libtool
configure:4548: result: libtool
configure:4781: creating ./config.status

## ---------------------- ##
## Running config.status. ##
## ---------------------- ##

This file was extended by config.status, which was
generated by GNU Autoconf 2.69.  Invocation command line was

  CONFIG_FILES    = 
  CONFIG_HEADERS  = 
  CONFIG_LINKS    = 
  CONFIG_COMMANDS = 
  $ ./config.status 

on archbook

config.status:823: creating Makefile
config.status:823: creating srecord/config.h

## ---------------- ##
## Cache variables. ##
## ---------------- ##

ac_cv_c_compiler_gnu=yes
ac_cv_cxx_compiler_gnu=yes
ac_cv_env_CCC_set=
ac_cv_env_CCC_value=
ac_cv_env_CC_set=
ac_cv_env_CC_value=
ac_cv_env_CFLAGS_set=
ac_cv_env_CFLAGS_value=
ac_cv_env_CPPFLAGS_set=
ac_cv_env_CPPFLAGS_value=
ac_cv_env_CPP_set=
ac_cv_env_CPP_value=
ac_cv_env_CXXCPP_set=
ac_cv_env_CXXCPP_value=
ac_cv_env_CXXFLAGS_set=
ac_cv_env_CXXFLAGS_value=
ac_cv_env_CXX_set=
ac_cv_env_CXX_value=
ac_cv_env_LDFLAGS_set=
ac_cv_env_LDFLAGS_value=
ac_cv_env_LIBS_set=
ac_cv_env_LIBS_value=
ac_cv_env_YACC_set=
ac_cv_env_YACC_value=
ac_cv_env_YFLAGS_set=
ac_cv_env_YFLAGS_value=
ac_cv_env_build_alias_set=
ac_cv_env_build_alias_value=
ac_cv_env_host_alias_set=
ac_cv_env_host_alias_value=
ac_cv_env_target_alias_set=
ac_cv_env_target_alias_value=
ac_cv_func_snprintf=yes
ac_cv_func_vsnprintf=yes
ac_cv_header_boost_shared_ptr_hpp=yes
ac_cv_header_inttypes_h=yes
ac_cv_header_memory_h=yes
ac_cv_header_minix_config_h=no
ac_cv_header_stdc=yes
ac_cv_header_stdint_h=yes
ac_cv_header_stdlib_h=yes
ac_cv_header_string_h=yes
ac_cv_header_strings_h=yes
ac_cv_header_sys_stat_h=yes
ac_cv_header_sys_types_h=yes
ac_cv_header_unistd_h=yes
ac_cv_lib_gcrypt_gcry_md_open=yes
ac_cv_lib_gpg_error_main=yes
ac_cv_objext=o
ac_cv_path_EGREP='/usr/bin/grep -E'
ac_cv_path_GREP=/usr/bin/grep
ac_cv_path_install='/usr/bin/install -c'
ac_cv_prog_CPP='gcc -E'
ac_cv_prog_CXXCPP='g++ -E'
ac_cv_prog_GROFF=groff
ac_cv_prog_LIBTOOL=libtool
ac_cv_prog_SOELIM=soelim
ac_cv_prog_YACC='bison -y'
ac_cv_prog_ac_ct_CC=gcc
ac_cv_prog_ac_ct_CXX=g++
ac_cv_prog_ac_ct_RANLIB=ranlib
ac_cv_prog_cc_c89=
ac_cv_prog_cc_g=yes
ac_cv_prog_cxx_g=yes
ac_cv_safe_to_define___extensions__=yes

## ----------------- ##
## Output variables. ##
## ----------------- ##

CC='gcc'
CFLAGS='-g -O2 -Wall -Wextra -Wl,--as-needed'
CPP='gcc -E'
CPPFLAGS=''
CXX='g++'
CXXCPP='g++ -E'
CXXFLAGS='-g -O2'
DEFS='-DHAVE_CONFIG_H'
ECHO_C=''
ECHO_N='-n'
ECHO_T=''
EGREP='/usr/bin/grep -E'
EXEEXT=''
GREP='/usr/bin/grep'
GROFF='groff'
HAVE_GROFF='yes'
INSTALL_DATA='${INSTALL} -m 644'
INSTALL_PROGRAM='${INSTALL}'
INSTALL_SCRIPT='${INSTALL}'
LDFLAGS=''
LIBOBJS=''
LIBS='-lgcrypt -lgpg-error '
LIBTOOL='libtool'
LTLIBOBJS=''
OBJEXT='o'
PACKAGE_BUGREPORT=''
PACKAGE_NAME=''
PACKAGE_STRING=''
PACKAGE_TARNAME=''
PACKAGE_URL=''
PACKAGE_VERSION=''
PATH_SEPARATOR=':'
RANLIB='ranlib'
SH='/bin/sh'
SHELL='/bin/sh'
SOELIM='soelim'
YACC='bison -y'
YFLAGS=''
ac_ct_CC='gcc'
ac_ct_CXX='g++'
bindir='/usr/local/bin'
build_alias=''
datadir='/usr/local/share'
datarootdir='/usr/local/share'
docdir='${datarootdir}/doc/${PACKAGE}'
dvidir='${docdir}'
exec_prefix='/usr/local'
host_alias=''
htmldir='${docdir}'
includedir='${prefix}/include'
infodir='${datarootdir}/info'
libdir='/usr/local/lib'
libexecdir='${exec_prefix}/libexec'
localedir='${datarootdir}/locale'
localstatedir='${prefix}/var'
mandir='/usr/local/share/man'
oldincludedir='/usr/include'
pdfdir='${docdir}'
prefix='/usr/local'
program_transform_name='s,x,x,'
psdir='${docdir}'
sbindir='${exec_prefix}/sbin'
sharedstatedir='${prefix}/com'
sysconfdir='${prefix}/etc'
target_alias=''

## ----------- ##
## confdefs.h. ##
## ----------- ##

/* confdefs.h */
#define PACKAGE_NAME ""
#define PACKAGE_TARNAME ""
#define PACKAGE_VERSION ""
#define PACKAGE_STRING ""
#define PACKAGE_BUGREPORT ""
#define PACKAGE_URL ""
#define STDC_HEADERS 1
#define HAVE_SYS_TYPES_H 1
#define HAVE_SYS_STAT_H 1
#define HAVE_STDLIB_H 1
#define HAVE_STRING_H 1
#define HAVE_MEMORY_H 1
#define HAVE_STRINGS_H 1
#define HAVE_INTTYPES_H 1
#define HAVE_STDINT_H 1
#define HAVE_UNISTD_H 1
#define __EXTENSIONS__ 1
#define _ALL_SOURCE 1
#define _GNU_SOURCE 1
#define _POSIX_PTHREAD_SEMANTICS 1
#define _TANDEM_SOURCE 1
#define HAVE_SNPRINTF 1
#define HAVE_VSNPRINTF 1
#define HAVE_LIBGPG_ERROR 1
#define HAVE_BOOST_SHARED_PTR_HPP 1
#define CONF_SHELL "/bin/sh"
#define HAVE_GCRY_MD_HD_T 1
#define HAVE_LIBGCRYPT_SHA224 1
#define HAVE_LIBGCRYPT_WHIRLPOOL 1
#define HAVE_LIBGCRYPT 1

configure: exit 0

## ---------------------- ##
## Running config.status. ##
## ---------------------- ##

This file was extended by config.status, which was
generated by GNU Autoconf 2.69.  Invocation command line was

  CONFIG_FILES    = script/test_prelude.sh:script/test_prelude.sh.in
  CONFIG_HEADERS  = 
  CONFIG_LINKS    = 
  CONFIG_COMMANDS = 
  $ config.status 

on archbook

config.status:823: creating script/test_prelude.sh
